<?xml version="1.0" encoding="UTF-8"?>
<!-- Generated by org.testng.reporters.JUnitReportReporter -->
<testsuite hostname="DESKTOP-698M7S2" failures="0" tests="1" name="sampleTest.Demo" time="0.009" errors="0" timestamp="2022-09-12T12:36:48 IST" skipped="0">
  <testcase classname="sampleTest.Demo" name="demo" time="0.009"/>
  <system-out/>
</testsuite> <!-- sampleTest.Demo -->
